GROUP,PACKAGE,CLASS,INSTRUCTION_MISSED,INSTRUCTION_COVERED,BRANCH_MISSED,BRANCH_COVERED,LINE_MISSED,LINE_COVERED,COMPLEXITY_MISSED,COMPLEXITY_COVERED,METHOD_MISSED,METHOD_COVERED
gapa-cli,ch.bfh.ti.gapa.cli.config.reading.file,ConfigFileReader,104,0,4,0,30,0,12,0,10,0
gapa-cli,ch.bfh.ti.gapa.cli.config.reading.file,DefaultConfigFileReaderImpl,21,0,0,0,6,0,4,0,4,0
gapa-cli,ch.bfh.ti.gapa.cli.config.reading.commandline,CommandLineArgumentsReaderImpl.new ConfigFileReader() {...},14,0,0,0,2,0,2,0,2,0
gapa-cli,ch.bfh.ti.gapa.cli.config.reading.commandline,CommandLineArgumentsReaderImpl,43,0,4,0,11,0,4,0,2,0
gapa-cli,ch.bfh.ti.gapa.cli.config.reading.file.json.validation,JsonConfigValidatorImpl,53,0,0,0,14,0,3,0,3,0
gapa-cli,ch.bfh.ti.gapa.cli.printer,InfoPrinter,122,63,16,0,11,18,11,5,3,5
gapa-cli,ch.bfh.ti.gapa.cli.config.reading.model,RawInput,14,3,0,0,6,1,4,1,4,1
gapa-cli,ch.bfh.ti.gapa.cli.config.reading.model,RawInputField,38,0,0,0,3,0,4,0,4,0
gapa-cli,ch.bfh.ti.gapa.cli.exception,CommandLineException,0,15,0,0,0,6,0,3,0,3
gapa-cli,ch.bfh.ti.gapa.cli.exception,CommandLineExceptionType,5,121,0,0,0,15,1,5,1,5
gapa-cli,ch.bfh.ti.gapa.cli.config.reading.file.json,ConfigJsonField,38,0,0,0,3,0,4,0,4,0
gapa-cli,ch.bfh.ti.gapa.cli.config.reading.file.json,JsonReaderImpl,16,0,0,0,4,0,2,0,2,0
gapa-cli,ch.bfh.ti.gapa.cli.config.parsing,RawInputParseException,25,0,0,0,5,0,2,0,2,0
gapa-cli,ch.bfh.ti.gapa.cli.config.parsing,RawInputParserImpl,34,0,4,0,11,0,5,0,3,0
gapa-cli,ch.bfh.ti.gapa.cli,CliImpl,180,140,2,6,62,41,19,4,17,2
gapa-cli,ch.bfh.ti.gapa.cli,CliOptions,0,77,0,0,0,33,0,1,0,1
